# JRE version: OpenJDK Runtime Environment (8.0_112-b06) (build 1.8.0_112-release-b06)
# Java VM: OpenJDK 64-Bit Server VM (25.112-b06 mixed mode windows-amd64 compressed oops)
Heap:
 PSYoungGen      total 88064K, used 23071K [0x00000000e0000000, 0x00000000e6980000, 0x0000000100000000)
  eden space 76800K, 30% used [0x00000000e0000000,0x00000000e1687ec0,0x00000000e4b00000)
  from space 11264K, 0% used [0x00000000e5600000,0x00000000e5600000,0x00000000e6100000)
  to   space 11264K, 0% used [0x00000000e4b00000,0x00000000e4b00000,0x00000000e5600000)
 ParOldGen       total 86528K, used 15005K [0x00000000a0000000, 0x00000000a5480000, 0x00000000e0000000)
  object space 86528K, 17% used [0x00000000a0000000,0x00000000a0ea7708,0x00000000a5480000)
 Metaspace       used 36315K, capacity 37126K, committed 37424K, reserved 1081344K
  class space    used 4868K, capacity 5077K, committed 5168K, reserved 1048576K
GC Heap History (10 events):
Event: 17.348 GC heap before
{Heap before GC invocations=8 (full 1):
 PSYoungGen      total 54272K, used 51414K [0x00000000e0000000, 0x00000000e4080000, 0x0000000100000000)
  eden space 45568K, 100% used [0x00000000e0000000,0x00000000e2c80000,0x00000000e2c80000)
  from space 8704K, 67% used [0x00000000e3800000,0x00000000e3db5918,0x00000000e4080000)
  to   space 10240K, 0% used [0x00000000e2c80000,0x00000000e2c80000,0x00000000e3680000)
 ParOldGen       total 62464K, used 8928K [0x00000000a0000000, 0x00000000a3d00000, 0x00000000e0000000)
  object space 62464K, 14% used [0x00000000a0000000,0x00000000a08b8230,0x00000000a3d00000)
 Metaspace       used 29035K, capacity 29774K, committed 30128K, reserved 1075200K
  class space    used 4000K, capacity 4228K, committed 4272K, reserved 1048576K
Event: 17.360 GC heap after
Heap after GC invocations=8 (full 1):
 PSYoungGen      total 55808K, used 6888K [0x00000000e0000000, 0x00000000e5200000, 0x0000000100000000)
  eden space 45568K, 0% used [0x00000000e0000000,0x00000000e0000000,0x00000000e2c80000)
  from space 10240K, 67% used [0x00000000e2c80000,0x00000000e333a060,0x00000000e3680000)
  to   space 10240K, 0% used [0x00000000e4800000,0x00000000e4800000,0x00000000e5200000)
 ParOldGen       total 62464K, used 8936K [0x00000000a0000000, 0x00000000a3d00000, 0x00000000e0000000)
  object space 62464K, 14% used [0x00000000a0000000,0x00000000a08ba230,0x00000000a3d00000)
 Metaspace       used 29035K, capacity 29774K, committed 30128K, reserved 1075200K
  class space    used 4000K, capacity 4228K, committed 4272K, reserved 1048576K
}
Event: 19.695 GC heap before
{Heap before GC invocations=9 (full 1):
 PSYoungGen      total 55808K, used 52456K [0x00000000e0000000, 0x00000000e5200000, 0x0000000100000000)
  eden space 45568K, 100% used [0x00000000e0000000,0x00000000e2c80000,0x00000000e2c80000)
  from space 10240K, 67% used [0x00000000e2c80000,0x00000000e333a060,0x00000000e3680000)
  to   space 10240K, 0% used [0x00000000e4800000,0x00000000e4800000,0x00000000e5200000)
 ParOldGen       total 62464K, used 8936K [0x00000000a0000000, 0x00000000a3d00000, 0x00000000e0000000)
  object space 62464K, 14% used [0x00000000a0000000,0x00000000a08ba230,0x00000000a3d00000)
 Metaspace       used 29393K, capacity 30164K, committed 30384K, reserved 1075200K
  class space    used 4003K, capacity 4229K, committed 4272K, reserved 1048576K
Event: 19.704 GC heap after
Heap after GC invocations=9 (full 1):
 PSYoungGen      total 71680K, used 5812K [0x00000000e0000000, 0x00000000e5080000, 0x0000000100000000)
  eden space 62976K, 0% used [0x00000000e0000000,0x00000000e0000000,0x00000000e3d80000)
  from space 8704K, 66% used [0x00000000e4800000,0x00000000e4dad030,0x00000000e5080000)
  to   space 9728K, 0% used [0x00000000e3d80000,0x00000000e3d80000,0x00000000e4700000)
 ParOldGen       total 62464K, used 8944K [0x00000000a0000000, 0x00000000a3d00000, 0x00000000e0000000)
  object space 62464K, 14% used [0x00000000a0000000,0x00000000a08bc230,0x00000000a3d00000)
 Metaspace       used 29393K, capacity 30164K, committed 30384K, reserved 1075200K
  class space    used 4003K, capacity 4229K, committed 4272K, reserved 1048576K
}
Event: 25.714 GC heap before
{Heap before GC invocations=10 (full 1):
 PSYoungGen      total 71680K, used 68788K [0x00000000e0000000, 0x00000000e5080000, 0x0000000100000000)
  eden space 62976K, 100% used [0x00000000e0000000,0x00000000e3d80000,0x00000000e3d80000)
  from space 8704K, 66% used [0x00000000e4800000,0x00000000e4dad030,0x00000000e5080000)
  to   space 9728K, 0% used [0x00000000e3d80000,0x00000000e3d80000,0x00000000e4700000)
 ParOldGen       total 62464K, used 8944K [0x00000000a0000000, 0x00000000a3d00000, 0x00000000e0000000)
  object space 62464K, 14% used [0x00000000a0000000,0x00000000a08bc230,0x00000000a3d00000)
 Metaspace       used 33776K, capacity 34530K, committed 34736K, reserved 1079296K
  class space    used 4546K, capacity 4751K, committed 4784K, reserved 1048576K
Event: 25.739 GC heap after
Heap after GC invocations=10 (full 1):
 PSYoungGen      total 72704K, used 9700K [0x00000000e0000000, 0x00000000e6100000, 0x0000000100000000)
  eden space 62976K, 0% used [0x00000000e0000000,0x00000000e0000000,0x00000000e3d80000)
  from space 9728K, 99% used [0x00000000e3d80000,0x00000000e46f90a0,0x00000000e4700000)
  to   space 11264K, 0% used [0x00000000e5600000,0x00000000e5600000,0x00000000e6100000)
 ParOldGen       total 62464K, used 9666K [0x00000000a0000000, 0x00000000a3d00000, 0x00000000e0000000)
  object space 62464K, 15% used [0x00000000a0000000,0x00000000a0970960,0x00000000a3d00000)
 Metaspace       used 33776K, capacity 34530K, committed 34736K, reserved 1079296K
  class space    used 4546K, capacity 4751K, committed 4784K, reserved 1048576K
}
Event: 26.098 GC heap before
{Heap before GC invocations=11 (full 1):
 PSYoungGen      total 72704K, used 28024K [0x00000000e0000000, 0x00000000e6100000, 0x0000000100000000)
  eden space 62976K, 29% used [0x00000000e0000000,0x00000000e11e5248,0x00000000e3d80000)
  from space 9728K, 99% used [0x00000000e3d80000,0x00000000e46f90a0,0x00000000e4700000)
  to   space 11264K, 0% used [0x00000000e5600000,0x00000000e5600000,0x00000000e6100000)
 ParOldGen       total 62464K, used 9666K [0x00000000a0000000, 0x00000000a3d00000, 0x00000000e0000000)
  object space 62464K, 15% used [0x00000000a0000000,0x00000000a0970960,0x00000000a3d00000)
 Metaspace       used 34515K, capacity 35272K, committed 35496K, reserved 1079296K
  class space    used 4654K, capacity 4848K, committed 4912K, reserved 1048576K
Event: 26.112 GC heap after
Heap after GC invocations=11 (full 1):
 PSYoungGen      total 88064K, used 8189K [0x00000000e0000000, 0x00000000e6980000, 0x0000000100000000)
  eden space 76800K, 0% used [0x00000000e0000000,0x00000000e0000000,0x00000000e4b00000)
  from space 11264K, 72% used [0x00000000e5600000,0x00000000e5dff660,0x00000000e6100000)
  to   space 11264K, 0% used [0x00000000e4b00000,0x00000000e4b00000,0x00000000e5600000)
 ParOldGen       total 62464K, used 9674K [0x00000000a0000000, 0x00000000a3d00000, 0x00000000e0000000)
  object space 62464K, 15% used [0x00000000a0000000,0x00000000a0972960,0x00000000a3d00000)
 Metaspace       used 34515K, capacity 35272K, committed 35496K, reserved 1079296K
  class space    used 4654K, capacity 4848K, committed 4912K, reserved 1048576K
}
Event: 26.112 GC heap before
{Heap before GC invocations=12 (full 2):
 PSYoungGen      total 88064K, used 8189K [0x00000000e0000000, 0x00000000e6980000, 0x0000000100000000)
  eden space 76800K, 0% used [0x00000000e0000000,0x00000000e0000000,0x00000000e4b00000)
  from space 11264K, 72% used [0x00000000e5600000,0x00000000e5dff660,0x00000000e6100000)
  to   space 11264K, 0% used [0x00000000e4b00000,0x00000000e4b00000,0x00000000e5600000)
 ParOldGen       total 62464K, used 9674K [0x00000000a0000000, 0x00000000a3d00000, 0x00000000e0000000)
  object space 62464K, 15% used [0x00000000a0000000,0x00000000a0972960,0x00000000a3d00000)
 Metaspace       used 34515K, capacity 35272K, committed 35496K, reserved 1079296K
  class space    used 4654K, capacity 4848K, committed 4912K, reserved 1048576K
Event: 26.255 GC heap after
Heap after GC invocations=12 (full 2):
 PSYoungGen      total 88064K, used 0K [0x00000000e0000000, 0x00000000e6980000, 0x0000000100000000)
  eden space 76800K, 0% used [0x00000000e0000000,0x00000000e0000000,0x00000000e4b00000)
  from space 11264K, 0% used [0x00000000e5600000,0x00000000e5600000,0x00000000e6100000)
  to   space 11264K, 0% used [0x00000000e4b00000,0x00000000e4b00000,0x00000000e5600000)
 ParOldGen       total 86528K, used 15005K [0x00000000a0000000, 0x00000000a5480000, 0x00000000e0000000)
  object space 86528K, 17% used [0x00000000a0000000,0x00000000a0ea7708,0x00000000a5480000)
 Metaspace       used 34515K, capacity 35272K, committed 35496K, reserved 1079296K
  class space    used 4654K, capacity 4848K, committed 4912K, reserved 1048576K
}

